<<<<<<< Updated upstream
ERROR - 2026-01-19 08:32:55 --> mysqli_sql_exception: Unknown table 'surcharge-progressive.programme' in D:\www\Progression-Salle\system\Database\MySQLi\Connection.php:327
Stack trace:
#0 D:\www\Progression-Salle\system\Database\MySQLi\Connection.php(327): mysqli->query('DROP TABLE `pro...', 0)
#1 D:\www\Progression-Salle\system\Database\BaseConnection.php(738): CodeIgniter\Database\MySQLi\Connection->execute('DROP TABLE `pro...')
#2 D:\www\Progression-Salle\system\Database\BaseConnection.php(652): CodeIgniter\Database\BaseConnection->simpleQuery('DROP TABLE `pro...')
#3 D:\www\Progression-Salle\system\Database\Forge.php(663): CodeIgniter\Database\BaseConnection->query('DROP TABLE `pro...')
#4 D:\www\Progression-Salle\app\Database\Migrations\2026-01-18-000001_CreateBase.php(42): CodeIgniter\Database\Forge->dropTable('programme')
#5 D:\www\Progression-Salle\system\Database\MigrationRunner.php(876): App\Database\Migrations\CreateBase->down()
#6 D:\www\Progression-Salle\system\Database\MigrationRunner.php(289): CodeIgniter\Database\MigrationRunner->migrate('down', Object(stdClass))
#7 D:\www\Progression-Salle\system\Commands\Database\MigrateRollback.php(101): CodeIgniter\Database\MigrationRunner->regress(0)
#8 D:\www\Progression-Salle\system\CLI\Commands.php(74): CodeIgniter\Commands\Database\MigrateRollback->run(Array)
#9 D:\www\Progression-Salle\system\CLI\BaseCommand.php(119): CodeIgniter\CLI\Commands->run('migrate:rollbac...', Array)
#10 D:\www\Progression-Salle\system\Commands\Database\MigrateRefresh.php(86): CodeIgniter\CLI\BaseCommand->call('migrate:rollbac...', Array)
#11 D:\www\Progression-Salle\system\CLI\Commands.php(74): CodeIgniter\Commands\Database\MigrateRefresh->run(Array)
#12 D:\www\Progression-Salle\system\CLI\Console.php(47): CodeIgniter\CLI\Commands->run('migrate:refresh', Array)
#13 D:\www\Progression-Salle\system\Boot.php(360): CodeIgniter\CLI\Console->run()
#14 D:\www\Progression-Salle\system\Boot.php(104): CodeIgniter\Boot::runCommand(Object(CodeIgniter\CLI\Console))
#15 D:\www\Progression-Salle\spark(87): CodeIgniter\Boot::bootSpark(Object(Config\Paths))
#16 {main}
=======
ERROR - 2026-01-19 08:39:31 --> mysqli_sql_exception: Table 'surcharge-progressive.categorie' doesn't exist in D:\www\Progression-Salle\system\Database\MySQLi\Connection.php:327
Stack trace:
#0 D:\www\Progression-Salle\system\Database\MySQLi\Connection.php(327): mysqli->query('SELECT s.id, li...', 0)
#1 D:\www\Progression-Salle\system\Database\BaseConnection.php(738): CodeIgniter\Database\MySQLi\Connection->execute('SELECT s.id, li...')
#2 D:\www\Progression-Salle\system\Database\BaseConnection.php(652): CodeIgniter\Database\BaseConnection->simpleQuery('SELECT s.id, li...')
#3 D:\www\Progression-Salle\app\Models\Donnees.php(61): CodeIgniter\Database\BaseConnection->query('SELECT s.id, li...')
#4 D:\www\Progression-Salle\app\Controllers\Home.php(38): App\Models\Donnees->getLesSeances()
#5 D:\www\Progression-Salle\system\CodeIgniter.php(933): App\Controllers\Home->historique()
#6 D:\www\Progression-Salle\system\CodeIgniter.php(507): CodeIgniter\CodeIgniter->runController(Object(App\Controllers\Home))
#7 D:\www\Progression-Salle\system\CodeIgniter.php(354): CodeIgniter\CodeIgniter->handleRequest(NULL, Object(Config\Cache), false)
#8 D:\www\Progression-Salle\system\Boot.php(334): CodeIgniter\CodeIgniter->run()
#9 D:\www\Progression-Salle\system\Boot.php(67): CodeIgniter\Boot::runCodeIgniter(Object(CodeIgniter\CodeIgniter))
#10 D:\www\Progression-Salle\public\index.php(59): CodeIgniter\Boot::bootWeb(Object(Config\Paths))
#11 {main}
CRITICAL - 2026-01-19 08:39:31 --> CodeIgniter\Database\Exceptions\DatabaseException: Table 'surcharge-progressive.categorie' doesn't exist
[Method: GET, Route: historique]
in SYSTEMPATH\Database\BaseConnection.php on line 692.
 1 APPPATH\Models\Donnees.php(61): CodeIgniter\Database\BaseConnection->query('SELECT s.id, libelle, date_seance, status FROM `seances` s JOIN categorie c ON s.idCategorie=c.id ORDER BY date_seance DESC, id DESC')
 2 APPPATH\Controllers\Home.php(38): App\Models\Donnees->getLesSeances()
 3 SYSTEMPATH\CodeIgniter.php(933): App\Controllers\Home->historique()
 4 SYSTEMPATH\CodeIgniter.php(507): CodeIgniter\CodeIgniter->runController(Object(App\Controllers\Home))
 5 SYSTEMPATH\CodeIgniter.php(354): CodeIgniter\CodeIgniter->handleRequest(null, Object(Config\Cache), false)
 6 SYSTEMPATH\Boot.php(334): CodeIgniter\CodeIgniter->run()
 7 SYSTEMPATH\Boot.php(67): CodeIgniter\Boot::runCodeIgniter(Object(CodeIgniter\CodeIgniter))
 8 FCPATH\index.php(59): CodeIgniter\Boot::bootWeb(Object(Config\Paths))
CRITICAL - 2026-01-19 08:39:31 --> [Caused by] CodeIgniter\Database\Exceptions\DatabaseException: Table 'surcharge-progressive.categorie' doesn't exist
in SYSTEMPATH\Database\MySQLi\Connection.php on line 332.
 1 SYSTEMPATH\Database\BaseConnection.php(738): CodeIgniter\Database\MySQLi\Connection->execute('SELECT s.id, libelle, date_seance, status FROM `seances` s JOIN categorie c ON s.idCategorie=c.id ORDER BY date_seance DESC, id DESC')
 2 SYSTEMPATH\Database\BaseConnection.php(652): CodeIgniter\Database\BaseConnection->simpleQuery('SELECT s.id, libelle, date_seance, status FROM `seances` s JOIN categorie c ON s.idCategorie=c.id ORDER BY date_seance DESC, id DESC')
 3 APPPATH\Models\Donnees.php(61): CodeIgniter\Database\BaseConnection->query('SELECT s.id, libelle, date_seance, status FROM `seances` s JOIN categorie c ON s.idCategorie=c.id ORDER BY date_seance DESC, id DESC')
 4 APPPATH\Controllers\Home.php(38): App\Models\Donnees->getLesSeances()
 5 SYSTEMPATH\CodeIgniter.php(933): App\Controllers\Home->historique()
 6 SYSTEMPATH\CodeIgniter.php(507): CodeIgniter\CodeIgniter->runController(Object(App\Controllers\Home))
 7 SYSTEMPATH\CodeIgniter.php(354): CodeIgniter\CodeIgniter->handleRequest(null, Object(Config\Cache), false)
 8 SYSTEMPATH\Boot.php(334): CodeIgniter\CodeIgniter->run()
 9 SYSTEMPATH\Boot.php(67): CodeIgniter\Boot::runCodeIgniter(Object(CodeIgniter\CodeIgniter))
10 FCPATH\index.php(59): CodeIgniter\Boot::bootWeb(Object(Config\Paths))
CRITICAL - 2026-01-19 08:39:31 --> [Caused by] mysqli_sql_exception: Table 'surcharge-progressive.categorie' doesn't exist
in SYSTEMPATH\Database\MySQLi\Connection.php on line 327.
 1 SYSTEMPATH\Database\MySQLi\Connection.php(327): mysqli->query('SELECT s.id, libelle, date_seance, status FROM `seances` s JOIN categorie c ON s.idCategorie=c.id ORDER BY date_seance DESC, id DESC', 0)
 2 SYSTEMPATH\Database\BaseConnection.php(738): CodeIgniter\Database\MySQLi\Connection->execute('SELECT s.id, libelle, date_seance, status FROM `seances` s JOIN categorie c ON s.idCategorie=c.id ORDER BY date_seance DESC, id DESC')
 3 SYSTEMPATH\Database\BaseConnection.php(652): CodeIgniter\Database\BaseConnection->simpleQuery('SELECT s.id, libelle, date_seance, status FROM `seances` s JOIN categorie c ON s.idCategorie=c.id ORDER BY date_seance DESC, id DESC')
 4 APPPATH\Models\Donnees.php(61): CodeIgniter\Database\BaseConnection->query('SELECT s.id, libelle, date_seance, status FROM `seances` s JOIN categorie c ON s.idCategorie=c.id ORDER BY date_seance DESC, id DESC')
 5 APPPATH\Controllers\Home.php(38): App\Models\Donnees->getLesSeances()
 6 SYSTEMPATH\CodeIgniter.php(933): App\Controllers\Home->historique()
 7 SYSTEMPATH\CodeIgniter.php(507): CodeIgniter\CodeIgniter->runController(Object(App\Controllers\Home))
 8 SYSTEMPATH\CodeIgniter.php(354): CodeIgniter\CodeIgniter->handleRequest(null, Object(Config\Cache), false)
 9 SYSTEMPATH\Boot.php(334): CodeIgniter\CodeIgniter->run()
10 SYSTEMPATH\Boot.php(67): CodeIgniter\Boot::runCodeIgniter(Object(CodeIgniter\CodeIgniter))
11 FCPATH\index.php(59): CodeIgniter\Boot::bootWeb(Object(Config\Paths))
ERROR - 2026-01-19 08:39:48 --> mysqli_sql_exception: Table 'surcharge-progressive.categorie' doesn't exist in D:\www\Progression-Salle\system\Database\MySQLi\Connection.php:327
Stack trace:
#0 D:\www\Progression-Salle\system\Database\MySQLi\Connection.php(327): mysqli->query('SELECT id, libe...', 0)
#1 D:\www\Progression-Salle\system\Database\BaseConnection.php(738): CodeIgniter\Database\MySQLi\Connection->execute('SELECT id, libe...')
#2 D:\www\Progression-Salle\system\Database\BaseConnection.php(652): CodeIgniter\Database\BaseConnection->simpleQuery('SELECT id, libe...')
#3 D:\www\Progression-Salle\app\Models\Donnees.php(20): CodeIgniter\Database\BaseConnection->query('SELECT id, libe...')
#4 D:\www\Progression-Salle\app\Controllers\Home.php(27): App\Models\Donnees->getLesCategories()
#5 D:\www\Progression-Salle\system\CodeIgniter.php(933): App\Controllers\Home->seances()
#6 D:\www\Progression-Salle\system\CodeIgniter.php(507): CodeIgniter\CodeIgniter->runController(Object(App\Controllers\Home))
#7 D:\www\Progression-Salle\system\CodeIgniter.php(354): CodeIgniter\CodeIgniter->handleRequest(NULL, Object(Config\Cache), false)
#8 D:\www\Progression-Salle\system\Boot.php(334): CodeIgniter\CodeIgniter->run()
#9 D:\www\Progression-Salle\system\Boot.php(67): CodeIgniter\Boot::runCodeIgniter(Object(CodeIgniter\CodeIgniter))
#10 D:\www\Progression-Salle\public\index.php(59): CodeIgniter\Boot::bootWeb(Object(Config\Paths))
#11 {main}
CRITICAL - 2026-01-19 08:39:48 --> CodeIgniter\Database\Exceptions\DatabaseException: Table 'surcharge-progressive.categorie' doesn't exist
[Method: GET, Route: seances]
in SYSTEMPATH\Database\BaseConnection.php on line 692.
 1 APPPATH\Models\Donnees.php(20): CodeIgniter\Database\BaseConnection->query('SELECT id, libelle FROM `categorie`')
 2 APPPATH\Controllers\Home.php(27): App\Models\Donnees->getLesCategories()
 3 SYSTEMPATH\CodeIgniter.php(933): App\Controllers\Home->seances()
 4 SYSTEMPATH\CodeIgniter.php(507): CodeIgniter\CodeIgniter->runController(Object(App\Controllers\Home))
 5 SYSTEMPATH\CodeIgniter.php(354): CodeIgniter\CodeIgniter->handleRequest(null, Object(Config\Cache), false)
 6 SYSTEMPATH\Boot.php(334): CodeIgniter\CodeIgniter->run()
 7 SYSTEMPATH\Boot.php(67): CodeIgniter\Boot::runCodeIgniter(Object(CodeIgniter\CodeIgniter))
 8 FCPATH\index.php(59): CodeIgniter\Boot::bootWeb(Object(Config\Paths))
CRITICAL - 2026-01-19 08:39:48 --> [Caused by] CodeIgniter\Database\Exceptions\DatabaseException: Table 'surcharge-progressive.categorie' doesn't exist
in SYSTEMPATH\Database\MySQLi\Connection.php on line 332.
 1 SYSTEMPATH\Database\BaseConnection.php(738): CodeIgniter\Database\MySQLi\Connection->execute('SELECT id, libelle FROM `categorie`')
 2 SYSTEMPATH\Database\BaseConnection.php(652): CodeIgniter\Database\BaseConnection->simpleQuery('SELECT id, libelle FROM `categorie`')
 3 APPPATH\Models\Donnees.php(20): CodeIgniter\Database\BaseConnection->query('SELECT id, libelle FROM `categorie`')
 4 APPPATH\Controllers\Home.php(27): App\Models\Donnees->getLesCategories()
 5 SYSTEMPATH\CodeIgniter.php(933): App\Controllers\Home->seances()
 6 SYSTEMPATH\CodeIgniter.php(507): CodeIgniter\CodeIgniter->runController(Object(App\Controllers\Home))
 7 SYSTEMPATH\CodeIgniter.php(354): CodeIgniter\CodeIgniter->handleRequest(null, Object(Config\Cache), false)
 8 SYSTEMPATH\Boot.php(334): CodeIgniter\CodeIgniter->run()
 9 SYSTEMPATH\Boot.php(67): CodeIgniter\Boot::runCodeIgniter(Object(CodeIgniter\CodeIgniter))
10 FCPATH\index.php(59): CodeIgniter\Boot::bootWeb(Object(Config\Paths))
CRITICAL - 2026-01-19 08:39:48 --> [Caused by] mysqli_sql_exception: Table 'surcharge-progressive.categorie' doesn't exist
in SYSTEMPATH\Database\MySQLi\Connection.php on line 327.
 1 SYSTEMPATH\Database\MySQLi\Connection.php(327): mysqli->query('SELECT id, libelle FROM `categorie`', 0)
 2 SYSTEMPATH\Database\BaseConnection.php(738): CodeIgniter\Database\MySQLi\Connection->execute('SELECT id, libelle FROM `categorie`')
 3 SYSTEMPATH\Database\BaseConnection.php(652): CodeIgniter\Database\BaseConnection->simpleQuery('SELECT id, libelle FROM `categorie`')
 4 APPPATH\Models\Donnees.php(20): CodeIgniter\Database\BaseConnection->query('SELECT id, libelle FROM `categorie`')
 5 APPPATH\Controllers\Home.php(27): App\Models\Donnees->getLesCategories()
 6 SYSTEMPATH\CodeIgniter.php(933): App\Controllers\Home->seances()
 7 SYSTEMPATH\CodeIgniter.php(507): CodeIgniter\CodeIgniter->runController(Object(App\Controllers\Home))
 8 SYSTEMPATH\CodeIgniter.php(354): CodeIgniter\CodeIgniter->handleRequest(null, Object(Config\Cache), false)
 9 SYSTEMPATH\Boot.php(334): CodeIgniter\CodeIgniter->run()
10 SYSTEMPATH\Boot.php(67): CodeIgniter\Boot::runCodeIgniter(Object(CodeIgniter\CodeIgniter))
11 FCPATH\index.php(59): CodeIgniter\Boot::bootWeb(Object(Config\Paths))
ERROR - 2026-01-19 08:39:52 --> mysqli_sql_exception: Table 'surcharge-progressive.categorie' doesn't exist in D:\www\Progression-Salle\system\Database\MySQLi\Connection.php:327
Stack trace:
#0 D:\www\Progression-Salle\system\Database\MySQLi\Connection.php(327): mysqli->query('SELECT id, libe...', 0)
#1 D:\www\Progression-Salle\system\Database\BaseConnection.php(738): CodeIgniter\Database\MySQLi\Connection->execute('SELECT id, libe...')
#2 D:\www\Progression-Salle\system\Database\BaseConnection.php(652): CodeIgniter\Database\BaseConnection->simpleQuery('SELECT id, libe...')
#3 D:\www\Progression-Salle\app\Models\Donnees.php(20): CodeIgniter\Database\BaseConnection->query('SELECT id, libe...')
#4 D:\www\Progression-Salle\app\Controllers\Home.php(73): App\Models\Donnees->getLesCategories()
#5 D:\www\Progression-Salle\system\CodeIgniter.php(933): App\Controllers\Home->choix('2')
#6 D:\www\Progression-Salle\system\CodeIgniter.php(507): CodeIgniter\CodeIgniter->runController(Object(App\Controllers\Home))
#7 D:\www\Progression-Salle\system\CodeIgniter.php(354): CodeIgniter\CodeIgniter->handleRequest(NULL, Object(Config\Cache), false)
#8 D:\www\Progression-Salle\system\Boot.php(334): CodeIgniter\CodeIgniter->run()
#9 D:\www\Progression-Salle\system\Boot.php(67): CodeIgniter\Boot::runCodeIgniter(Object(CodeIgniter\CodeIgniter))
#10 D:\www\Progression-Salle\public\index.php(59): CodeIgniter\Boot::bootWeb(Object(Config\Paths))
#11 {main}
CRITICAL - 2026-01-19 08:39:52 --> CodeIgniter\Database\Exceptions\DatabaseException: Table 'surcharge-progressive.categorie' doesn't exist
[Method: GET, Route: 2]
in SYSTEMPATH\Database\BaseConnection.php on line 692.
 1 APPPATH\Models\Donnees.php(20): CodeIgniter\Database\BaseConnection->query('SELECT id, libelle FROM `categorie`')
 2 APPPATH\Controllers\Home.php(73): App\Models\Donnees->getLesCategories()
 3 SYSTEMPATH\CodeIgniter.php(933): App\Controllers\Home->choix('2')
 4 SYSTEMPATH\CodeIgniter.php(507): CodeIgniter\CodeIgniter->runController(Object(App\Controllers\Home))
 5 SYSTEMPATH\CodeIgniter.php(354): CodeIgniter\CodeIgniter->handleRequest(null, Object(Config\Cache), false)
 6 SYSTEMPATH\Boot.php(334): CodeIgniter\CodeIgniter->run()
 7 SYSTEMPATH\Boot.php(67): CodeIgniter\Boot::runCodeIgniter(Object(CodeIgniter\CodeIgniter))
 8 FCPATH\index.php(59): CodeIgniter\Boot::bootWeb(Object(Config\Paths))
CRITICAL - 2026-01-19 08:39:52 --> [Caused by] CodeIgniter\Database\Exceptions\DatabaseException: Table 'surcharge-progressive.categorie' doesn't exist
in SYSTEMPATH\Database\MySQLi\Connection.php on line 332.
 1 SYSTEMPATH\Database\BaseConnection.php(738): CodeIgniter\Database\MySQLi\Connection->execute('SELECT id, libelle FROM `categorie`')
 2 SYSTEMPATH\Database\BaseConnection.php(652): CodeIgniter\Database\BaseConnection->simpleQuery('SELECT id, libelle FROM `categorie`')
 3 APPPATH\Models\Donnees.php(20): CodeIgniter\Database\BaseConnection->query('SELECT id, libelle FROM `categorie`')
 4 APPPATH\Controllers\Home.php(73): App\Models\Donnees->getLesCategories()
 5 SYSTEMPATH\CodeIgniter.php(933): App\Controllers\Home->choix('2')
 6 SYSTEMPATH\CodeIgniter.php(507): CodeIgniter\CodeIgniter->runController(Object(App\Controllers\Home))
 7 SYSTEMPATH\CodeIgniter.php(354): CodeIgniter\CodeIgniter->handleRequest(null, Object(Config\Cache), false)
 8 SYSTEMPATH\Boot.php(334): CodeIgniter\CodeIgniter->run()
 9 SYSTEMPATH\Boot.php(67): CodeIgniter\Boot::runCodeIgniter(Object(CodeIgniter\CodeIgniter))
10 FCPATH\index.php(59): CodeIgniter\Boot::bootWeb(Object(Config\Paths))
CRITICAL - 2026-01-19 08:39:52 --> [Caused by] mysqli_sql_exception: Table 'surcharge-progressive.categorie' doesn't exist
in SYSTEMPATH\Database\MySQLi\Connection.php on line 327.
 1 SYSTEMPATH\Database\MySQLi\Connection.php(327): mysqli->query('SELECT id, libelle FROM `categorie`', 0)
 2 SYSTEMPATH\Database\BaseConnection.php(738): CodeIgniter\Database\MySQLi\Connection->execute('SELECT id, libelle FROM `categorie`')
 3 SYSTEMPATH\Database\BaseConnection.php(652): CodeIgniter\Database\BaseConnection->simpleQuery('SELECT id, libelle FROM `categorie`')
 4 APPPATH\Models\Donnees.php(20): CodeIgniter\Database\BaseConnection->query('SELECT id, libelle FROM `categorie`')
 5 APPPATH\Controllers\Home.php(73): App\Models\Donnees->getLesCategories()
 6 SYSTEMPATH\CodeIgniter.php(933): App\Controllers\Home->choix('2')
 7 SYSTEMPATH\CodeIgniter.php(507): CodeIgniter\CodeIgniter->runController(Object(App\Controllers\Home))
 8 SYSTEMPATH\CodeIgniter.php(354): CodeIgniter\CodeIgniter->handleRequest(null, Object(Config\Cache), false)
 9 SYSTEMPATH\Boot.php(334): CodeIgniter\CodeIgniter->run()
10 SYSTEMPATH\Boot.php(67): CodeIgniter\Boot::runCodeIgniter(Object(CodeIgniter\CodeIgniter))
11 FCPATH\index.php(59): CodeIgniter\Boot::bootWeb(Object(Config\Paths))
WARNING - 2026-01-19 08:40:37 --> [DEPRECATED] Creation of dynamic property App\Controllers\Home::$donneesModel is deprecated in APPPATH\Controllers\Home.php on line 11.
 1 SYSTEMPATH\CodeIgniter.php(903): App\Controllers\Home->__construct()
 2 SYSTEMPATH\CodeIgniter.php(498): CodeIgniter\CodeIgniter->createController()
 3 SYSTEMPATH\CodeIgniter.php(354): CodeIgniter\CodeIgniter->handleRequest(null, Object(Config\Cache), false)
 4 SYSTEMPATH\Boot.php(334): CodeIgniter\CodeIgniter->run()
 5 SYSTEMPATH\Boot.php(67): CodeIgniter\Boot::runCodeIgniter(Object(CodeIgniter\CodeIgniter))
 6 FCPATH\index.php(59): CodeIgniter\Boot::bootWeb(Object(Config\Paths))
WARNING - 2026-01-19 08:40:41 --> [DEPRECATED] Creation of dynamic property App\Controllers\Home::$donneesModel is deprecated in APPPATH\Controllers\Home.php on line 11.
 1 SYSTEMPATH\CodeIgniter.php(903): App\Controllers\Home->__construct()
 2 SYSTEMPATH\CodeIgniter.php(498): CodeIgniter\CodeIgniter->createController()
 3 SYSTEMPATH\CodeIgniter.php(354): CodeIgniter\CodeIgniter->handleRequest(null, Object(Config\Cache), false)
 4 SYSTEMPATH\Boot.php(334): CodeIgniter\CodeIgniter->run()
 5 SYSTEMPATH\Boot.php(67): CodeIgniter\Boot::runCodeIgniter(Object(CodeIgniter\CodeIgniter))
 6 FCPATH\index.php(59): CodeIgniter\Boot::bootWeb(Object(Config\Paths))
ERROR - 2026-01-19 08:40:41 --> mysqli_sql_exception: Table 'surcharge-progressive.categorie' doesn't exist in D:\www\Progression-Salle\system\Database\MySQLi\Connection.php:327
Stack trace:
#0 D:\www\Progression-Salle\system\Database\MySQLi\Connection.php(327): mysqli->query('SELECT s.id, li...', 0)
#1 D:\www\Progression-Salle\system\Database\BaseConnection.php(738): CodeIgniter\Database\MySQLi\Connection->execute('SELECT s.id, li...')
#2 D:\www\Progression-Salle\system\Database\BaseConnection.php(652): CodeIgniter\Database\BaseConnection->simpleQuery('SELECT s.id, li...')
#3 D:\www\Progression-Salle\app\Models\Donnees.php(61): CodeIgniter\Database\BaseConnection->query('SELECT s.id, li...')
#4 D:\www\Progression-Salle\app\Controllers\Home.php(38): App\Models\Donnees->getLesSeances()
#5 D:\www\Progression-Salle\system\CodeIgniter.php(933): App\Controllers\Home->historique()
#6 D:\www\Progression-Salle\system\CodeIgniter.php(507): CodeIgniter\CodeIgniter->runController(Object(App\Controllers\Home))
#7 D:\www\Progression-Salle\system\CodeIgniter.php(354): CodeIgniter\CodeIgniter->handleRequest(NULL, Object(Config\Cache), false)
#8 D:\www\Progression-Salle\system\Boot.php(334): CodeIgniter\CodeIgniter->run()
#9 D:\www\Progression-Salle\system\Boot.php(67): CodeIgniter\Boot::runCodeIgniter(Object(CodeIgniter\CodeIgniter))
#10 D:\www\Progression-Salle\public\index.php(59): CodeIgniter\Boot::bootWeb(Object(Config\Paths))
#11 {main}
CRITICAL - 2026-01-19 08:40:41 --> CodeIgniter\Database\Exceptions\DatabaseException: Table 'surcharge-progressive.categorie' doesn't exist
[Method: GET, Route: historique]
in SYSTEMPATH\Database\BaseConnection.php on line 692.
 1 APPPATH\Models\Donnees.php(61): CodeIgniter\Database\BaseConnection->query('SELECT s.id, libelle, date_seance, status FROM `seances` s JOIN categorie c ON s.idCategorie=c.id ORDER BY date_seance DESC, id DESC')
 2 APPPATH\Controllers\Home.php(38): App\Models\Donnees->getLesSeances()
 3 SYSTEMPATH\CodeIgniter.php(933): App\Controllers\Home->historique()
 4 SYSTEMPATH\CodeIgniter.php(507): CodeIgniter\CodeIgniter->runController(Object(App\Controllers\Home))
 5 SYSTEMPATH\CodeIgniter.php(354): CodeIgniter\CodeIgniter->handleRequest(null, Object(Config\Cache), false)
 6 SYSTEMPATH\Boot.php(334): CodeIgniter\CodeIgniter->run()
 7 SYSTEMPATH\Boot.php(67): CodeIgniter\Boot::runCodeIgniter(Object(CodeIgniter\CodeIgniter))
 8 FCPATH\index.php(59): CodeIgniter\Boot::bootWeb(Object(Config\Paths))
CRITICAL - 2026-01-19 08:40:41 --> [Caused by] CodeIgniter\Database\Exceptions\DatabaseException: Table 'surcharge-progressive.categorie' doesn't exist
in SYSTEMPATH\Database\MySQLi\Connection.php on line 332.
 1 SYSTEMPATH\Database\BaseConnection.php(738): CodeIgniter\Database\MySQLi\Connection->execute('SELECT s.id, libelle, date_seance, status FROM `seances` s JOIN categorie c ON s.idCategorie=c.id ORDER BY date_seance DESC, id DESC')
 2 SYSTEMPATH\Database\BaseConnection.php(652): CodeIgniter\Database\BaseConnection->simpleQuery('SELECT s.id, libelle, date_seance, status FROM `seances` s JOIN categorie c ON s.idCategorie=c.id ORDER BY date_seance DESC, id DESC')
 3 APPPATH\Models\Donnees.php(61): CodeIgniter\Database\BaseConnection->query('SELECT s.id, libelle, date_seance, status FROM `seances` s JOIN categorie c ON s.idCategorie=c.id ORDER BY date_seance DESC, id DESC')
 4 APPPATH\Controllers\Home.php(38): App\Models\Donnees->getLesSeances()
 5 SYSTEMPATH\CodeIgniter.php(933): App\Controllers\Home->historique()
 6 SYSTEMPATH\CodeIgniter.php(507): CodeIgniter\CodeIgniter->runController(Object(App\Controllers\Home))
 7 SYSTEMPATH\CodeIgniter.php(354): CodeIgniter\CodeIgniter->handleRequest(null, Object(Config\Cache), false)
 8 SYSTEMPATH\Boot.php(334): CodeIgniter\CodeIgniter->run()
 9 SYSTEMPATH\Boot.php(67): CodeIgniter\Boot::runCodeIgniter(Object(CodeIgniter\CodeIgniter))
10 FCPATH\index.php(59): CodeIgniter\Boot::bootWeb(Object(Config\Paths))
CRITICAL - 2026-01-19 08:40:41 --> [Caused by] mysqli_sql_exception: Table 'surcharge-progressive.categorie' doesn't exist
in SYSTEMPATH\Database\MySQLi\Connection.php on line 327.
 1 SYSTEMPATH\Database\MySQLi\Connection.php(327): mysqli->query('SELECT s.id, libelle, date_seance, status FROM `seances` s JOIN categorie c ON s.idCategorie=c.id ORDER BY date_seance DESC, id DESC', 0)
 2 SYSTEMPATH\Database\BaseConnection.php(738): CodeIgniter\Database\MySQLi\Connection->execute('SELECT s.id, libelle, date_seance, status FROM `seances` s JOIN categorie c ON s.idCategorie=c.id ORDER BY date_seance DESC, id DESC')
 3 SYSTEMPATH\Database\BaseConnection.php(652): CodeIgniter\Database\BaseConnection->simpleQuery('SELECT s.id, libelle, date_seance, status FROM `seances` s JOIN categorie c ON s.idCategorie=c.id ORDER BY date_seance DESC, id DESC')
 4 APPPATH\Models\Donnees.php(61): CodeIgniter\Database\BaseConnection->query('SELECT s.id, libelle, date_seance, status FROM `seances` s JOIN categorie c ON s.idCategorie=c.id ORDER BY date_seance DESC, id DESC')
 5 APPPATH\Controllers\Home.php(38): App\Models\Donnees->getLesSeances()
 6 SYSTEMPATH\CodeIgniter.php(933): App\Controllers\Home->historique()
 7 SYSTEMPATH\CodeIgniter.php(507): CodeIgniter\CodeIgniter->runController(Object(App\Controllers\Home))
 8 SYSTEMPATH\CodeIgniter.php(354): CodeIgniter\CodeIgniter->handleRequest(null, Object(Config\Cache), false)
 9 SYSTEMPATH\Boot.php(334): CodeIgniter\CodeIgniter->run()
10 SYSTEMPATH\Boot.php(67): CodeIgniter\Boot::runCodeIgniter(Object(CodeIgniter\CodeIgniter))
11 FCPATH\index.php(59): CodeIgniter\Boot::bootWeb(Object(Config\Paths))
>>>>>>> Stashed changes
WARNING - 2026-01-19 08:41:29 --> [DEPRECATED] Creation of dynamic property App\Controllers\Home::$donneesModel is deprecated in APPPATH\Controllers\Home.php on line 11.
 1 SYSTEMPATH\CodeIgniter.php(903): App\Controllers\Home->__construct()
 2 SYSTEMPATH\CodeIgniter.php(498): CodeIgniter\CodeIgniter->createController()
 3 SYSTEMPATH\CodeIgniter.php(354): CodeIgniter\CodeIgniter->handleRequest(null, Object(Config\Cache), false)
 4 SYSTEMPATH\Boot.php(334): CodeIgniter\CodeIgniter->run()
 5 SYSTEMPATH\Boot.php(67): CodeIgniter\Boot::runCodeIgniter(Object(CodeIgniter\CodeIgniter))
 6 FCPATH\index.php(59): CodeIgniter\Boot::bootWeb(Object(Config\Paths))
WARNING - 2026-01-19 08:41:36 --> [DEPRECATED] Creation of dynamic property App\Controllers\Home::$donneesModel is deprecated in APPPATH\Controllers\Home.php on line 11.
 1 SYSTEMPATH\CodeIgniter.php(903): App\Controllers\Home->__construct()
 2 SYSTEMPATH\CodeIgniter.php(498): CodeIgniter\CodeIgniter->createController()
 3 SYSTEMPATH\CodeIgniter.php(354): CodeIgniter\CodeIgniter->handleRequest(null, Object(Config\Cache), false)
 4 SYSTEMPATH\Boot.php(334): CodeIgniter\CodeIgniter->run()
 5 SYSTEMPATH\Boot.php(67): CodeIgniter\Boot::runCodeIgniter(Object(CodeIgniter\CodeIgniter))
 6 FCPATH\index.php(59): CodeIgniter\Boot::bootWeb(Object(Config\Paths))
WARNING - 2026-01-19 08:41:38 --> [DEPRECATED] Creation of dynamic property App\Controllers\Home::$donneesModel is deprecated in APPPATH\Controllers\Home.php on line 11.
 1 SYSTEMPATH\CodeIgniter.php(903): App\Controllers\Home->__construct()
 2 SYSTEMPATH\CodeIgniter.php(498): CodeIgniter\CodeIgniter->createController()
 3 SYSTEMPATH\CodeIgniter.php(354): CodeIgniter\CodeIgniter->handleRequest(null, Object(Config\Cache), false)
 4 SYSTEMPATH\Boot.php(334): CodeIgniter\CodeIgniter->run()
 5 SYSTEMPATH\Boot.php(67): CodeIgniter\Boot::runCodeIgniter(Object(CodeIgniter\CodeIgniter))
 6 FCPATH\index.php(59): CodeIgniter\Boot::bootWeb(Object(Config\Paths))
WARNING - 2026-01-19 08:41:41 --> [DEPRECATED] Creation of dynamic property App\Controllers\Home::$donneesModel is deprecated in APPPATH\Controllers\Home.php on line 11.
 1 SYSTEMPATH\CodeIgniter.php(903): App\Controllers\Home->__construct()
 2 SYSTEMPATH\CodeIgniter.php(498): CodeIgniter\CodeIgniter->createController()
 3 SYSTEMPATH\CodeIgniter.php(354): CodeIgniter\CodeIgniter->handleRequest(null, Object(Config\Cache), false)
 4 SYSTEMPATH\Boot.php(334): CodeIgniter\CodeIgniter->run()
 5 SYSTEMPATH\Boot.php(67): CodeIgniter\Boot::runCodeIgniter(Object(CodeIgniter\CodeIgniter))
 6 FCPATH\index.php(59): CodeIgniter\Boot::bootWeb(Object(Config\Paths))
WARNING - 2026-01-19 08:41:42 --> [DEPRECATED] Creation of dynamic property App\Controllers\Home::$donneesModel is deprecated in APPPATH\Controllers\Home.php on line 11.
 1 SYSTEMPATH\CodeIgniter.php(903): App\Controllers\Home->__construct()
 2 SYSTEMPATH\CodeIgniter.php(498): CodeIgniter\CodeIgniter->createController()
 3 SYSTEMPATH\CodeIgniter.php(354): CodeIgniter\CodeIgniter->handleRequest(null, Object(Config\Cache), false)
 4 SYSTEMPATH\Boot.php(334): CodeIgniter\CodeIgniter->run()
 5 SYSTEMPATH\Boot.php(67): CodeIgniter\Boot::runCodeIgniter(Object(CodeIgniter\CodeIgniter))
 6 FCPATH\index.php(59): CodeIgniter\Boot::bootWeb(Object(Config\Paths))
WARNING - 2026-01-19 08:41:43 --> [DEPRECATED] Creation of dynamic property App\Controllers\Home::$donneesModel is deprecated in APPPATH\Controllers\Home.php on line 11.
 1 SYSTEMPATH\CodeIgniter.php(903): App\Controllers\Home->__construct()
 2 SYSTEMPATH\CodeIgniter.php(498): CodeIgniter\CodeIgniter->createController()
 3 SYSTEMPATH\CodeIgniter.php(354): CodeIgniter\CodeIgniter->handleRequest(null, Object(Config\Cache), false)
 4 SYSTEMPATH\Boot.php(334): CodeIgniter\CodeIgniter->run()
 5 SYSTEMPATH\Boot.php(67): CodeIgniter\Boot::runCodeIgniter(Object(CodeIgniter\CodeIgniter))
 6 FCPATH\index.php(59): CodeIgniter\Boot::bootWeb(Object(Config\Paths))
WARNING - 2026-01-19 08:41:44 --> [DEPRECATED] Creation of dynamic property App\Controllers\Home::$donneesModel is deprecated in APPPATH\Controllers\Home.php on line 11.
 1 SYSTEMPATH\CodeIgniter.php(903): App\Controllers\Home->__construct()
 2 SYSTEMPATH\CodeIgniter.php(498): CodeIgniter\CodeIgniter->createController()
 3 SYSTEMPATH\CodeIgniter.php(354): CodeIgniter\CodeIgniter->handleRequest(null, Object(Config\Cache), false)
 4 SYSTEMPATH\Boot.php(334): CodeIgniter\CodeIgniter->run()
 5 SYSTEMPATH\Boot.php(67): CodeIgniter\Boot::runCodeIgniter(Object(CodeIgniter\CodeIgniter))
 6 FCPATH\index.php(59): CodeIgniter\Boot::bootWeb(Object(Config\Paths))
