ERROR - 2026-01-18 16:02:49 --> Error connecting to the database: mysqli_sql_exception: Unknown database 'firstdb' in D:\www\surcharge-progressive\system\Database\MySQLi\Connection.php:201
Stack trace:
#0 D:\www\surcharge-progressive\system\Database\MySQLi\Connection.php(201): mysqli->real_connect('localhost', 'root', Object(SensitiveParameterValue), 'firstdb', 3306, '', 0)
#1 D:\www\surcharge-progressive\system\Database\BaseConnection.php(421): CodeIgniter\Database\MySQLi\Connection->connect(false)
#2 D:\www\surcharge-progressive\system\Database\BaseConnection.php(620): CodeIgniter\Database\BaseConnection->initialize()
#3 D:\www\surcharge-progressive\system\Database\BaseConnection.php(1525): CodeIgniter\Database\BaseConnection->query('SHOW TABLES FRO...')
#4 D:\www\surcharge-progressive\system\Database\BaseConnection.php(1545): CodeIgniter\Database\BaseConnection->listTables()
#5 D:\www\surcharge-progressive\system\Database\MigrationRunner.php(768): CodeIgniter\Database\BaseConnection->tableExists('migrations')
#6 D:\www\surcharge-progressive\system\Database\MigrationRunner.php(162): CodeIgniter\Database\MigrationRunner->ensureTable()
#7 D:\www\surcharge-progressive\system\Commands\Database\Migrate.php(85): CodeIgniter\Database\MigrationRunner->latest(NULL)
#8 D:\www\surcharge-progressive\system\CLI\Commands.php(74): CodeIgniter\Commands\Database\Migrate->run(Array)
#9 D:\www\surcharge-progressive\system\CLI\Console.php(47): CodeIgniter\CLI\Commands->run('migrate', Array)
#10 D:\www\surcharge-progressive\system\Boot.php(360): CodeIgniter\CLI\Console->run()
#11 D:\www\surcharge-progressive\system\Boot.php(104): CodeIgniter\Boot::runCommand(Object(CodeIgniter\CLI\Console))
#12 D:\www\surcharge-progressive\spark(87): CodeIgniter\Boot::bootSpark(Object(Config\Paths))
#13 {main}

Next CodeIgniter\Database\Exceptions\DatabaseException: Unknown database 'firstdb' in D:\www\surcharge-progressive\system\Database\MySQLi\Connection.php:246
Stack trace:
#0 D:\www\surcharge-progressive\system\Database\BaseConnection.php(421): CodeIgniter\Database\MySQLi\Connection->connect(false)
#1 D:\www\surcharge-progressive\system\Database\BaseConnection.php(620): CodeIgniter\Database\BaseConnection->initialize()
#2 D:\www\surcharge-progressive\system\Database\BaseConnection.php(1525): CodeIgniter\Database\BaseConnection->query('SHOW TABLES FRO...')
#3 D:\www\surcharge-progressive\system\Database\BaseConnection.php(1545): CodeIgniter\Database\BaseConnection->listTables()
#4 D:\www\surcharge-progressive\system\Database\MigrationRunner.php(768): CodeIgniter\Database\BaseConnection->tableExists('migrations')
#5 D:\www\surcharge-progressive\system\Database\MigrationRunner.php(162): CodeIgniter\Database\MigrationRunner->ensureTable()
#6 D:\www\surcharge-progressive\system\Commands\Database\Migrate.php(85): CodeIgniter\Database\MigrationRunner->latest(NULL)
#7 D:\www\surcharge-progressive\system\CLI\Commands.php(74): CodeIgniter\Commands\Database\Migrate->run(Array)
#8 D:\www\surcharge-progressive\system\CLI\Console.php(47): CodeIgniter\CLI\Commands->run('migrate', Array)
#9 D:\www\surcharge-progressive\system\Boot.php(360): CodeIgniter\CLI\Console->run()
#10 D:\www\surcharge-progressive\system\Boot.php(104): CodeIgniter\Boot::runCommand(Object(CodeIgniter\CLI\Console))
#11 D:\www\surcharge-progressive\spark(87): CodeIgniter\Boot::bootSpark(Object(Config\Paths))
#12 {main}
